2020-06-19 19:30:57,283:INFO: Loading the dataset...
2020-06-19 19:30:57,299:INFO: loading vocabulary file model/vocab.txt
2020-06-19 19:30:58,094:INFO: - done.
2020-06-19 19:31:16,797:INFO: Starting evaluation...
2020-06-19 19:33:21,941:INFO: - Test metrics: loss: 00.28; f1: 43.80
2020-06-19 19:33:22,015:INFO:              precision    recall  f1-score   support

          I      34.41     60.26     43.80       921

avg / total      34.41     60.26     43.80       921

2020-06-20 00:44:09,598:INFO: Loading the dataset...
2020-06-20 00:44:14,417:INFO: loading file https://s3.amazonaws.com/models.huggingface.co/bert/bert-base-uncased-vocab.txt from cache at C:\Users\SSG/.cache\torch\transformers\26bc1ad6c0ac742e9b52263248f6d0f00068293b33709fae12320c0e35ccfbbb.542ce4285a40d23a559526243235df47c5f75c197f04f37d1a0c124c32c9a084
2020-06-20 00:44:14,923:INFO: - done.
2020-06-20 00:44:19,543:INFO: Starting evaluation...
2020-06-20 00:46:22,691:INFO: - Test metrics: loss: 00.51; f1: 20.95
2020-06-20 00:46:23,004:INFO:              precision    recall  f1-score   support

          I      15.95     30.51     20.95       921

avg / total      15.95     30.51     20.95       921

2020-06-20 11:22:59,779:INFO: Loading the dataset...
2020-06-20 11:23:01,651:INFO: loading file https://s3.amazonaws.com/models.huggingface.co/bert/bert-base-uncased-vocab.txt from cache at C:\Users\SSG/.cache\torch\transformers\26bc1ad6c0ac742e9b52263248f6d0f00068293b33709fae12320c0e35ccfbbb.542ce4285a40d23a559526243235df47c5f75c197f04f37d1a0c124c32c9a084
2020-06-20 11:23:30,486:INFO: Loading the dataset...
2020-06-20 11:23:32,095:INFO: loading file https://s3.amazonaws.com/models.huggingface.co/bert/bert-base-uncased-vocab.txt from cache at C:\Users\SSG/.cache\torch\transformers\26bc1ad6c0ac742e9b52263248f6d0f00068293b33709fae12320c0e35ccfbbb.542ce4285a40d23a559526243235df47c5f75c197f04f37d1a0c124c32c9a084
2020-06-20 11:37:25,400:INFO: Loading the dataset...
2020-06-20 11:37:27,245:INFO: loading file https://s3.amazonaws.com/models.huggingface.co/bert/bert-base-uncased-vocab.txt from cache at C:\Users\SSG/.cache\torch\transformers\26bc1ad6c0ac742e9b52263248f6d0f00068293b33709fae12320c0e35ccfbbb.542ce4285a40d23a559526243235df47c5f75c197f04f37d1a0c124c32c9a084
2020-06-20 11:37:55,895:INFO: Loading the dataset...
2020-06-20 11:37:57,645:INFO: loading file https://s3.amazonaws.com/models.huggingface.co/bert/bert-base-uncased-vocab.txt from cache at C:\Users\SSG/.cache\torch\transformers\26bc1ad6c0ac742e9b52263248f6d0f00068293b33709fae12320c0e35ccfbbb.542ce4285a40d23a559526243235df47c5f75c197f04f37d1a0c124c32c9a084
2020-06-20 11:44:54,437:INFO: Loading the dataset...
2020-06-20 11:44:54,438:INFO: loading vocabulary file model/vocab.txt
2020-06-20 11:45:19,517:INFO: Loading the dataset...
2020-06-20 11:45:19,518:INFO: loading vocabulary file model/vocab.txt
